This is pdfTeX, Version 3.141592653-2.6-1.40.22 (TeX Live 2021) (preloaded format=pdflatex 2021.10.31)  12 JAN 2026 17:18
entering extended mode
 restricted \write18 enabled.
 file:line:error style messages enabled.
 %&-line parsing enabled.
**oral_exam_template.tex
(./oral_exam_template.tex
LaTeX2e <2020-10-01> patch level 4
L3 programming layer <2021-02-18> (/usr/local/texlive/2021/texmf-dist/tex/latex/base/article.cls
Document Class: article 2020/04/10 v1.4m Standard LaTeX document class
(/usr/local/texlive/2021/texmf-dist/tex/latex/base/size10.clo
File: size10.clo 2020/04/10 v1.4m Standard LaTeX file (size option)
)
\c@part=\count179
\c@section=\count180
\c@subsection=\count181
\c@subsubsection=\count182
\c@paragraph=\count183
\c@subparagraph=\count184
\c@figure=\count185
\c@table=\count186
\abovecaptionskip=\skip47
\belowcaptionskip=\skip48
\bibindent=\dimen138
) (/usr/local/texlive/2021/texmf-dist/tex/latex/geometry/geometry.sty
Package: geometry 2020/01/02 v5.9 Page Geometry
 (/usr/local/texlive/2021/texmf-dist/tex/latex/graphics/keyval.sty
Package: keyval 2014/10/28 v1.15 key=value parser (DPC)
\KV@toks@=\toks15
) (/usr/local/texlive/2021/texmf-dist/tex/generic/iftex/ifvtex.sty
Package: ifvtex 2019/10/25 v1.7 ifvtex legacy package. Use iftex instead.
 (/usr/local/texlive/2021/texmf-dist/tex/generic/iftex/iftex.sty
Package: iftex 2020/03/06 v1.0d TeX engine tests
))
\Gm@cnth=\count187
\Gm@cntv=\count188
\c@Gm@tempcnt=\count189
\Gm@bindingoffset=\dimen139
\Gm@wd@mp=\dimen140
\Gm@odd@mp=\dimen141
\Gm@even@mp=\dimen142
\Gm@layoutwidth=\dimen143
\Gm@layoutheight=\dimen144
\Gm@layouthoffset=\dimen145
\Gm@layoutvoffset=\dimen146
\Gm@dimlist=\toks16
) (/usr/local/texlive/2021/texmf-dist/tex/latex/tools/indentfirst.sty
Package: indentfirst 1995/11/23 v1.03 Indent first paragraph (DPC)
) (/usr/local/texlive/2021/texmf-dist/tex/latex/listings/listings.sty
\lst@mode=\count190
\lst@gtempboxa=\box47
\lst@token=\toks17
\lst@length=\count191
\lst@currlwidth=\dimen147
\lst@column=\count192
\lst@pos=\count193
\lst@lostspace=\dimen148
\lst@width=\dimen149
\lst@newlines=\count194
\lst@lineno=\count195
\lst@maxwidth=\dimen150
 (/usr/local/texlive/2021/texmf-dist/tex/latex/listings/lstmisc.sty
File: lstmisc.sty 2020/03/24 1.8d (Carsten Heinz)
\c@lstnumber=\count196
\lst@skipnumbers=\count197
\lst@framebox=\box48
) (/usr/local/texlive/2021/texmf-dist/tex/latex/listings/listings.cfg
File: listings.cfg 2020/03/24 1.8d listings configuration
))
Package: listings 2020/03/24 1.8d (Carsten Heinz)
 (/usr/local/texlive/2021/texmf-dist/tex/latex/inconsolata/inconsolata.sty
Package: inconsolata 2019/05/17 v1.12
 `inconsolata-zi4' v1.12, 2019/05/17 Text macros for Inconsolata (msharpe) (/usr/local/texlive/2021/texmf-dist/tex/latex/base/textcomp.sty
Package: textcomp 2020/02/02 v2.0n Standard LaTeX package
) (/usr/local/texlive/2021/texmf-dist/tex/latex/xkeyval/xkeyval.sty
Package: xkeyval 2020/11/20 v2.8 package option processing (HA)
 (/usr/local/texlive/2021/texmf-dist/tex/generic/xkeyval/xkeyval.tex (/usr/local/texlive/2021/texmf-dist/tex/generic/xkeyval/xkvutils.tex
\XKV@toks=\toks18
\XKV@tempa@toks=\toks19
)
\XKV@depth=\count198
File: xkeyval.tex 2014/12/03 v2.7a key=value parser (HA)
))
\zifour@ocount=\count199
) (/usr/local/texlive/2021/texmf-dist/tex/latex/amsmath/amsmath.sty
Package: amsmath 2020/09/23 v2.17i AMS math features
\@mathmargin=\skip49

For additional information on amsmath, use the `?' option.
(/usr/local/texlive/2021/texmf-dist/tex/latex/amsmath/amstext.sty
Package: amstext 2000/06/29 v2.01 AMS text
 (/usr/local/texlive/2021/texmf-dist/tex/latex/amsmath/amsgen.sty
File: amsgen.sty 1999/11/30 v2.0 generic functions
\@emptytoks=\toks20
\ex@=\dimen151
)) (/usr/local/texlive/2021/texmf-dist/tex/latex/amsmath/amsbsy.sty
Package: amsbsy 1999/11/29 v1.2d Bold Symbols
\pmbraise@=\dimen152
) (/usr/local/texlive/2021/texmf-dist/tex/latex/amsmath/amsopn.sty
Package: amsopn 2016/03/08 v2.02 operator names
)
\inf@bad=\count266
LaTeX Info: Redefining \frac on input line 234.
\uproot@=\count267
\leftroot@=\count268
LaTeX Info: Redefining \overline on input line 399.
\classnum@=\count269
\DOTSCASE@=\count270
LaTeX Info: Redefining \ldots on input line 496.
LaTeX Info: Redefining \dots on input line 499.
LaTeX Info: Redefining \cdots on input line 620.
\Mathstrutbox@=\box49
\strutbox@=\box50
\big@size=\dimen153
LaTeX Font Info:    Redeclaring font encoding OML on input line 743.
LaTeX Font Info:    Redeclaring font encoding OMS on input line 744.
\macc@depth=\count271
\c@MaxMatrixCols=\count272
\dotsspace@=\muskip16
\c@parentequation=\count273
\dspbrk@lvl=\count274
\tag@help=\toks21
\row@=\count275
\column@=\count276
\maxfields@=\count277
\andhelp@=\toks22
\eqnshift@=\dimen154
\alignsep@=\dimen155
\tagshift@=\dimen156
\tagwidth@=\dimen157
\totwidth@=\dimen158
\lineht@=\dimen159
\@envbody=\toks23
\multlinegap=\skip50
\multlinetaggap=\skip51
\mathdisplay@stack=\toks24
LaTeX Info: Redefining \[ on input line 2923.
LaTeX Info: Redefining \] on input line 2924.
) (/usr/local/texlive/2021/texmf-dist/tex/latex/amsfonts/amsfonts.sty
Package: amsfonts 2013/01/14 v3.01 Basic AMSFonts support
\symAMSa=\mathgroup4
\symAMSb=\mathgroup5
LaTeX Font Info:    Redeclaring math symbol \hbar on input line 98.
LaTeX Font Info:    Overwriting math alphabet `\mathfrak' in version `bold'
(Font)                  U/euf/m/n --> U/euf/b/n on input line 106.
) (/usr/local/texlive/2021/texmf-dist/tex/latex/stmaryrd/stmaryrd.sty
Package: stmaryrd 1994/03/03 St Mary's Road symbol package
\symstmry=\mathgroup6
LaTeX Font Info:    Overwriting symbol font `stmry' in version `bold'
(Font)                  U/stmry/m/n --> U/stmry/b/n on input line 89.
) (/usr/local/texlive/2021/texmf-dist/tex/latex/amsfonts/amssymb.sty
Package: amssymb 2013/01/14 v3.01 AMS font symbols
LaTeX Font Info:    Redeclaring math symbol \boxdot on input line 44.
) (/usr/local/texlive/2021/texmf-dist/tex/latex/graphics/graphicx.sty
Package: graphicx 2020/09/09 v1.2b Enhanced LaTeX Graphics (DPC,SPQR)
 (/usr/local/texlive/2021/texmf-dist/tex/latex/graphics/graphics.sty
Package: graphics 2020/08/30 v1.4c Standard LaTeX Graphics (DPC,SPQR)
 (/usr/local/texlive/2021/texmf-dist/tex/latex/graphics/trig.sty
Package: trig 2016/01/03 v1.10 sin cos tan (DPC)
) (/usr/local/texlive/2021/texmf-dist/tex/latex/graphics-cfg/graphics.cfg
File: graphics.cfg 2016/06/04 v1.11 sample graphics configuration
)
Package graphics Info: Driver file: pdftex.def on input line 105.
 (/usr/local/texlive/2021/texmf-dist/tex/latex/graphics-def/pdftex.def
File: pdftex.def 2020/10/05 v1.2a Graphics/color driver for pdftex
))
\Gin@req@height=\dimen160
\Gin@req@width=\dimen161
) (/usr/local/texlive/2021/texmf-dist/tex/latex/caption/subcaption.sty
Package: subcaption 2020/10/07 v1.3j Sub-captions (AR)
 (/usr/local/texlive/2021/texmf-dist/tex/latex/caption/caption.sty
Package: caption 2020/10/26 v3.5g Customizing captions (AR)
 (/usr/local/texlive/2021/texmf-dist/tex/latex/caption/caption3.sty
Package: caption3 2020/10/21 v2.2e caption3 kernel (AR)
\captionmargin=\dimen162
\captionmargin@=\dimen163
\captionwidth=\dimen164
\caption@tempdima=\dimen165
\caption@indent=\dimen166
\caption@parindent=\dimen167
\caption@hangindent=\dimen168
Package caption Info: Standard document class detected.
)
\c@caption@flags=\count278
\c@continuedfloat=\count279
Package caption Info: listings package is loaded.
)
\c@subfigure=\count280
\c@subtable=\count281
) (/usr/local/texlive/2021/texmf-dist/tex/latex/xcolor/xcolor.sty
Package: xcolor 2016/05/11 v2.12 LaTeX color extensions (UK)
 (/usr/local/texlive/2021/texmf-dist/tex/latex/graphics-cfg/color.cfg
File: color.cfg 2016/01/02 v1.6 sample color configuration
)
Package xcolor Info: Driver file: pdftex.def on input line 225.
Package xcolor Info: Model `cmy' substituted by `cmy0' on input line 1348.
Package xcolor Info: Model `hsb' substituted by `rgb' on input line 1352.
Package xcolor Info: Model `RGB' extended on input line 1364.
Package xcolor Info: Model `HTML' substituted by `rgb' on input line 1366.
Package xcolor Info: Model `Hsb' substituted by `hsb' on input line 1367.
Package xcolor Info: Model `tHsb' substituted by `hsb' on input line 1368.
Package xcolor Info: Model `HSB' substituted by `hsb' on input line 1369.
Package xcolor Info: Model `Gray' substituted by `gray' on input line 1370.
Package xcolor Info: Model `wave' substituted by `hsb' on input line 1371.
) (/usr/local/texlive/2021/texmf-dist/tex/latex/hyperref/hyperref.sty
Package: hyperref 2021-02-27 v7.00k Hypertext links for LaTeX
 (/usr/local/texlive/2021/texmf-dist/tex/generic/ltxcmds/ltxcmds.sty
Package: ltxcmds 2020-05-10 v1.25 LaTeX kernel commands for general use (HO)
) (/usr/local/texlive/2021/texmf-dist/tex/generic/pdftexcmds/pdftexcmds.sty
Package: pdftexcmds 2020-06-27 v0.33 Utility functions of pdfTeX for LuaTeX (HO)
 (/usr/local/texlive/2021/texmf-dist/tex/generic/infwarerr/infwarerr.sty
Package: infwarerr 2019/12/03 v1.5 Providing info/warning/error messages (HO)
)
Package pdftexcmds Info: \pdf@primitive is available.
Package pdftexcmds Info: \pdf@ifprimitive is available.
Package pdftexcmds Info: \pdfdraftmode found.
) (/usr/local/texlive/2021/texmf-dist/tex/generic/kvsetkeys/kvsetkeys.sty
Package: kvsetkeys 2019/12/15 v1.18 Key value parser (HO)
) (/usr/local/texlive/2021/texmf-dist/tex/generic/kvdefinekeys/kvdefinekeys.sty
Package: kvdefinekeys 2019-12-19 v1.6 Define keys (HO)
) (/usr/local/texlive/2021/texmf-dist/tex/generic/pdfescape/pdfescape.sty
Package: pdfescape 2019/12/09 v1.15 Implements pdfTeX's escape features (HO)
) (/usr/local/texlive/2021/texmf-dist/tex/latex/hycolor/hycolor.sty
Package: hycolor 2020-01-27 v1.10 Color options for hyperref/bookmark (HO)
) (/usr/local/texlive/2021/texmf-dist/tex/latex/letltxmacro/letltxmacro.sty
Package: letltxmacro 2019/12/03 v1.6 Let assignment for LaTeX macros (HO)
) (/usr/local/texlive/2021/texmf-dist/tex/latex/auxhook/auxhook.sty
Package: auxhook 2019-12-17 v1.6 Hooks for auxiliary files (HO)
) (/usr/local/texlive/2021/texmf-dist/tex/latex/kvoptions/kvoptions.sty
Package: kvoptions 2020-10-07 v3.14 Key value format for package options (HO)
)
\@linkdim=\dimen169
\Hy@linkcounter=\count282
\Hy@pagecounter=\count283
 (/usr/local/texlive/2021/texmf-dist/tex/latex/hyperref/pd1enc.def
File: pd1enc.def 2021-02-27 v7.00k Hyperref: PDFDocEncoding definition (HO)
Now handling font encoding PD1 ...
... no UTF-8 mapping file for font encoding PD1
) (/usr/local/texlive/2021/texmf-dist/tex/latex/hyperref/hyperref-langpatches.def
File: hyperref-langpatches.def 2021-02-27 v7.00k Hyperref: patches for babel languages
) (/usr/local/texlive/2021/texmf-dist/tex/generic/intcalc/intcalc.sty
Package: intcalc 2019/12/15 v1.3 Expandable calculations with integers (HO)
) (/usr/local/texlive/2021/texmf-dist/tex/generic/etexcmds/etexcmds.sty
Package: etexcmds 2019/12/15 v1.7 Avoid name clashes with e-TeX commands (HO)
)
\Hy@SavedSpaceFactor=\count284
 (/usr/local/texlive/2021/texmf-dist/tex/latex/hyperref/puenc.def
File: puenc.def 2021-02-27 v7.00k Hyperref: PDF Unicode definition (HO)
Now handling font encoding PU ...
... no UTF-8 mapping file for font encoding PU
)
Package hyperref Info: Hyper figures OFF on input line 4192.
Package hyperref Info: Link nesting OFF on input line 4197.
Package hyperref Info: Hyper index ON on input line 4200.
Package hyperref Info: Plain pages OFF on input line 4207.
Package hyperref Info: Backreferencing OFF on input line 4212.
Package hyperref Info: Implicit mode ON; LaTeX internals redefined.
Package hyperref Info: Bookmarks ON on input line 4445.
\c@Hy@tempcnt=\count285
 (/usr/local/texlive/2021/texmf-dist/tex/latex/url/url.sty
\Urlmuskip=\muskip17
Package: url 2013/09/16  ver 3.4  Verb mode for urls, etc.
)
LaTeX Info: Redefining \url on input line 4804.
\XeTeXLinkMargin=\dimen170
 (/usr/local/texlive/2021/texmf-dist/tex/generic/bitset/bitset.sty
Package: bitset 2019/12/09 v1.3 Handle bit-vector datatype (HO)
 (/usr/local/texlive/2021/texmf-dist/tex/generic/bigintcalc/bigintcalc.sty
Package: bigintcalc 2019/12/15 v1.5 Expandable calculations on big integers (HO)
))
\Fld@menulength=\count286
\Field@Width=\dimen171
\Fld@charsize=\dimen172
Package hyperref Info: Hyper figures OFF on input line 6075.
Package hyperref Info: Link nesting OFF on input line 6080.
Package hyperref Info: Hyper index ON on input line 6083.
Package hyperref Info: backreferencing OFF on input line 6090.
Package hyperref Info: Link coloring OFF on input line 6095.
Package hyperref Info: Link coloring with OCG OFF on input line 6100.
Package hyperref Info: PDF/A mode OFF on input line 6105.
LaTeX Info: Redefining \ref on input line 6145.
LaTeX Info: Redefining \pageref on input line 6149.
 (/usr/local/texlive/2021/texmf-dist/tex/latex/base/atbegshi-ltx.sty
Package: atbegshi-ltx 2020/08/17 v1.0a Emulation of the original atbegshi package
with kernel methods
)
\Hy@abspage=\count287
\c@Item=\count288
\c@Hfootnote=\count289
)
Package hyperref Info: Driver (autodetected): hpdftex.
 (/usr/local/texlive/2021/texmf-dist/tex/latex/hyperref/hpdftex.def
File: hpdftex.def 2021-02-27 v7.00k Hyperref driver for pdfTeX
 (/usr/local/texlive/2021/texmf-dist/tex/latex/base/atveryend-ltx.sty
Package: atveryend-ltx 2020/08/19 v1.0a Emulation of the original atvery package
with kernel methods
)
\Fld@listcount=\count290
\c@bookmark@seq@number=\count291
 (/usr/local/texlive/2021/texmf-dist/tex/latex/rerunfilecheck/rerunfilecheck.sty
Package: rerunfilecheck 2019/12/05 v1.9 Rerun checks for auxiliary files (HO)
 (/usr/local/texlive/2021/texmf-dist/tex/generic/uniquecounter/uniquecounter.sty
Package: uniquecounter 2019/12/15 v1.4 Provide unlimited unique counter (HO)
)
Package uniquecounter Info: New unique counter `rerunfilecheck' on input line 286.
)
\Hy@SectionHShift=\skip52
)
Package hyperref Info: Option `colorlinks' set `true' on input line 59.
 (/usr/local/texlive/2021/texmf-dist/tex/latex/l3backend/l3backend-pdftex.def
File: l3backend-pdftex.def 2021-03-18 L3 backend support: PDF output (pdfTeX)
\l__color_backend_stack_int=\count292
\l__pdf_internal_box=\box51
) (./oral_exam_template.aux)
\openout1 = `oral_exam_template.aux'.

LaTeX Font Info:    Checking defaults for OML/cmm/m/it on input line 69.
LaTeX Font Info:    ... okay on input line 69.
LaTeX Font Info:    Checking defaults for OMS/cmsy/m/n on input line 69.
LaTeX Font Info:    ... okay on input line 69.
LaTeX Font Info:    Checking defaults for OT1/cmr/m/n on input line 69.
LaTeX Font Info:    ... okay on input line 69.
LaTeX Font Info:    Checking defaults for T1/cmr/m/n on input line 69.
LaTeX Font Info:    ... okay on input line 69.
LaTeX Font Info:    Checking defaults for TS1/cmr/m/n on input line 69.
LaTeX Font Info:    ... okay on input line 69.
LaTeX Font Info:    Checking defaults for OMX/cmex/m/n on input line 69.
LaTeX Font Info:    ... okay on input line 69.
LaTeX Font Info:    Checking defaults for U/cmr/m/n on input line 69.
LaTeX Font Info:    ... okay on input line 69.
LaTeX Font Info:    Checking defaults for PD1/pdf/m/n on input line 69.
LaTeX Font Info:    ... okay on input line 69.
LaTeX Font Info:    Checking defaults for PU/pdf/m/n on input line 69.
LaTeX Font Info:    ... okay on input line 69.

*geometry* driver: auto-detecting
*geometry* detected driver: pdftex
*geometry* verbose mode - [ preamble ] result:
* driver: pdftex
* paper: <default>
* layout: <same size as paper>
* layoutoffset:(h,v)=(0.0pt,0.0pt)
* modes: 
* h-part:(L,W,R)=(28.45274pt, 557.38951pt, 28.45274pt)
* v-part:(T,H,B)=(28.45274pt, 709.61174pt, 56.9055pt)
* \paperwidth=614.295pt
* \paperheight=794.96999pt
* \textwidth=557.38951pt
* \textheight=709.61174pt
* \oddsidemargin=-43.81725pt
* \evensidemargin=-43.81725pt
* \topmargin=-80.81725pt
* \headheight=12.0pt
* \headsep=25.0pt
* \topskip=10.0pt
* \footskip=30.0pt
* \marginparwidth=65.0pt
* \marginparsep=11.0pt
* \columnsep=10.0pt
* \skip\footins=9.0pt plus 4.0pt minus 2.0pt
* \hoffset=0.0pt
* \voffset=0.0pt
* \mag=1000
* \@twocolumnfalse
* \@twosidefalse
* \@mparswitchfalse
* \@reversemarginfalse
* (1in=72.27pt=25.4mm, 1cm=28.453pt)

\c@lstlisting=\count293
(/usr/local/texlive/2021/texmf-dist/tex/latex/upquote/upquote.sty
Package: upquote 2012/04/19 v1.3 upright-quote and grave-accent glyphs in verbatim
) (/usr/local/texlive/2021/texmf-dist/tex/context/base/mkii/supp-pdf.mkii
[Loading MPS to PDF converter (version 2006.09.02).]
\scratchcounter=\count294
\scratchdimen=\dimen173
\scratchbox=\box52
\nofMPsegments=\count295
\nofMParguments=\count296
\everyMPshowfont=\toks25
\MPscratchCnt=\count297
\MPscratchDim=\dimen174
\MPnumerator=\count298
\makeMPintoPDFobject=\count299
\everyMPtoPDFconversion=\toks26
) (/usr/local/texlive/2021/texmf-dist/tex/latex/epstopdf-pkg/epstopdf-base.sty
Package: epstopdf-base 2020-01-24 v2.11 Base part for package epstopdf
Package epstopdf-base Info: Redefining graphics rule for `.eps' on input line 485.
 (/usr/local/texlive/2021/texmf-dist/tex/latex/latexconfig/epstopdf-sys.cfg
File: epstopdf-sys.cfg 2010/07/13 v1.3 Configuration of (r)epstopdf for TeX Live
))
Package caption Info: Begin \AtBeginDocument code.
Package caption Info: hyperref package is loaded.
Package caption Info: End \AtBeginDocument code.
Package hyperref Info: Link coloring ON on input line 69.
 (/usr/local/texlive/2021/texmf-dist/tex/latex/hyperref/nameref.sty
Package: nameref 2021-04-02 v2.47 Cross-referencing by name of section
 (/usr/local/texlive/2021/texmf-dist/tex/latex/refcount/refcount.sty
Package: refcount 2019/12/15 v3.6 Data extraction from label references (HO)
) (/usr/local/texlive/2021/texmf-dist/tex/generic/gettitlestring/gettitlestring.sty
Package: gettitlestring 2019/12/15 v1.6 Cleanup title references (HO)
)
\c@section@level=\count300
)
LaTeX Info: Redefining \ref on input line 69.
LaTeX Info: Redefining \pageref on input line 69.
LaTeX Info: Redefining \nameref on input line 69.
 (./oral_exam_template.out) (./oral_exam_template.out)
\@outlinefile=\write3
\openout3 = `oral_exam_template.out'.

LaTeX Font Info:    Trying to load font information for U+msa on input line 72.
 (/usr/local/texlive/2021/texmf-dist/tex/latex/amsfonts/umsa.fd
File: umsa.fd 2013/01/14 v3.01 AMS symbols A
)
LaTeX Font Info:    Trying to load font information for U+msb on input line 72.
 (/usr/local/texlive/2021/texmf-dist/tex/latex/amsfonts/umsb.fd
File: umsb.fd 2013/01/14 v3.01 AMS symbols B
)
LaTeX Font Info:    Trying to load font information for U+stmry on input line 72.
 (/usr/local/texlive/2021/texmf-dist/tex/latex/stmaryrd/Ustmry.fd) [1

{/usr/local/texlive/2021/texmf-var/fonts/map/pdftex/updmap/pdftex.map}]
<figs/GS_GS_align/JxB_pol_A.png, id=76, 1003.75pt x 1405.25pt>
File: figs/GS_GS_align/JxB_pol_A.png Graphic file (type png)
<use figs/GS_GS_align/JxB_pol_A.png>
Package pdftex.def Info: figs/GS_GS_align/JxB_pol_A.png  used on input line 199.
(pdftex.def)             Requested size: 141.91779pt x 198.69041pt.
<figs/GS_GS_align/JxB_pol_B.png, id=77, 1003.75pt x 1405.25pt>
File: figs/GS_GS_align/JxB_pol_B.png Graphic file (type png)
<use figs/GS_GS_align/JxB_pol_B.png>
Package pdftex.def Info: figs/GS_GS_align/JxB_pol_B.png  used on input line 200.
(pdftex.def)             Requested size: 141.91779pt x 198.69041pt.
<figs/GS_GS_align/JxB_pol_C.png, id=78, 1003.75pt x 1405.25pt>
File: figs/GS_GS_align/JxB_pol_C.png Graphic file (type png)
<use figs/GS_GS_align/JxB_pol_C.png>
Package pdftex.def Info: figs/GS_GS_align/JxB_pol_C.png  used on input line 201.
(pdftex.def)             Requested size: 141.91779pt x 198.69041pt.
<figs/GS_GS_align/JxB_pol_colorbar.png, id=79, 381.425pt x 1405.25pt>
File: figs/GS_GS_align/JxB_pol_colorbar.png Graphic file (type png)
<use figs/GS_GS_align/JxB_pol_colorbar.png>
Package pdftex.def Info: figs/GS_GS_align/JxB_pol_colorbar.png  used on input line 202.
(pdftex.def)             Requested size: 53.92876pt x 198.69041pt.
<figs/GS_GS_align/JxB_tor_A.png, id=83, 1003.75pt x 1405.25pt>
File: figs/GS_GS_align/JxB_tor_A.png Graphic file (type png)
<use figs/GS_GS_align/JxB_tor_A.png>
Package pdftex.def Info: figs/GS_GS_align/JxB_tor_A.png  used on input line 204.
(pdftex.def)             Requested size: 141.91779pt x 198.69041pt.
<figs/GS_GS_align/JxB_tor_B.png, id=84, 1003.75pt x 1405.25pt>
File: figs/GS_GS_align/JxB_tor_B.png Graphic file (type png)
<use figs/GS_GS_align/JxB_tor_B.png>
Package pdftex.def Info: figs/GS_GS_align/JxB_tor_B.png  used on input line 205.
(pdftex.def)             Requested size: 141.91779pt x 198.69041pt.
<figs/GS_GS_align/JxB_tor_C.png, id=85, 1003.75pt x 1405.25pt>
File: figs/GS_GS_align/JxB_tor_C.png Graphic file (type png)
<use figs/GS_GS_align/JxB_tor_C.png>
Package pdftex.def Info: figs/GS_GS_align/JxB_tor_C.png  used on input line 206.
(pdftex.def)             Requested size: 141.91779pt x 198.69041pt.
<figs/GS_GS_align/JxB_tor_colorbar.png, id=86, 381.425pt x 1405.25pt>
File: figs/GS_GS_align/JxB_tor_colorbar.png Graphic file (type png)
<use figs/GS_GS_align/JxB_tor_colorbar.png>
Package pdftex.def Info: figs/GS_GS_align/JxB_tor_colorbar.png  used on input line 207.
(pdftex.def)             Requested size: 53.92876pt x 198.69041pt.
<figs/GS_GS_align/div_B_pol_Hdiv.png, id=90, 1003.75pt x 1405.25pt>
File: figs/GS_GS_align/div_B_pol_Hdiv.png Graphic file (type png)
<use figs/GS_GS_align/div_B_pol_Hdiv.png>
Package pdftex.def Info: figs/GS_GS_align/div_B_pol_Hdiv.png  used on input line 217.
(pdftex.def)             Requested size: 141.91779pt x 198.69041pt.
<figs/GS_GS_align/div_B_pol_Hcurl.png, id=91, 1003.75pt x 1405.25pt>
File: figs/GS_GS_align/div_B_pol_Hcurl.png Graphic file (type png)
<use figs/GS_GS_align/div_B_pol_Hcurl.png>
Package pdftex.def Info: figs/GS_GS_align/div_B_pol_Hcurl.png  used on input line 218.
(pdftex.def)             Requested size: 141.91779pt x 198.69041pt.
<figs/GS_GS_align/div_B_pol_vec_CG.png, id=92, 1003.75pt x 1405.25pt>
File: figs/GS_GS_align/div_B_pol_vec_CG.png Graphic file (type png)
<use figs/GS_GS_align/div_B_pol_vec_CG.png>
Package pdftex.def Info: figs/GS_GS_align/div_B_pol_vec_CG.png  used on input line 219.
(pdftex.def)             Requested size: 141.91779pt x 198.69041pt.
<figs/GS_GS_align/div_B_pol_colorbar.png, id=93, 381.425pt x 1405.25pt>
File: figs/GS_GS_align/div_B_pol_colorbar.png Graphic file (type png)
<use figs/GS_GS_align/div_B_pol_colorbar.png>
Package pdftex.def Info: figs/GS_GS_align/div_B_pol_colorbar.png  used on input line 220.
(pdftex.def)             Requested size: 53.92876pt x 198.69041pt.
File: figs/GS_GS_align/JxB_pol_A.png Graphic file (type png)
<use figs/GS_GS_align/JxB_pol_A.png>
Package pdftex.def Info: figs/GS_GS_align/JxB_pol_A.png  used on input line 231.
(pdftex.def)             Requested size: 141.91779pt x 198.69041pt.
<figs/GS_GS_unalign/JxB_pol_A.png, id=98, 1003.75pt x 1405.25pt>
File: figs/GS_GS_unalign/JxB_pol_A.png Graphic file (type png)
<use figs/GS_GS_unalign/JxB_pol_A.png>
Package pdftex.def Info: figs/GS_GS_unalign/JxB_pol_A.png  used on input line 232.
(pdftex.def)             Requested size: 141.91779pt x 198.69041pt.
<figs/GS_GS_align_refine/JxB_pol_A.png, id=99, 1003.75pt x 1405.25pt>
File: figs/GS_GS_align_refine/JxB_pol_A.png Graphic file (type png)
<use figs/GS_GS_align_refine/JxB_pol_A.png>
Package pdftex.def Info: figs/GS_GS_align_refine/JxB_pol_A.png  used on input line 233.
(pdftex.def)             Requested size: 141.91779pt x 198.69041pt.
<figs/GS_GS_unalign/JxB_pol_colorbar.png, id=100, 381.425pt x 1405.25pt>
File: figs/GS_GS_unalign/JxB_pol_colorbar.png Graphic file (type png)
<use figs/GS_GS_unalign/JxB_pol_colorbar.png>
Package pdftex.def Info: figs/GS_GS_unalign/JxB_pol_colorbar.png  used on input line 234.
(pdftex.def)             Requested size: 53.92876pt x 198.69041pt.
File: figs/GS_GS_align/JxB_tor_A.png Graphic file (type png)
<use figs/GS_GS_align/JxB_tor_A.png>
Package pdftex.def Info: figs/GS_GS_align/JxB_tor_A.png  used on input line 236.
(pdftex.def)             Requested size: 141.91779pt x 198.69041pt.
<figs/GS_GS_unalign/JxB_tor_A.png, id=101, 1003.75pt x 1405.25pt>
File: figs/GS_GS_unalign/JxB_tor_A.png Graphic file (type png)
<use figs/GS_GS_unalign/JxB_tor_A.png>
Package pdftex.def Info: figs/GS_GS_unalign/JxB_tor_A.png  used on input line 237.
(pdftex.def)             Requested size: 141.91779pt x 198.69041pt.
<figs/GS_GS_align_refine/JxB_tor_A.png, id=102, 1003.75pt x 1405.25pt>
File: figs/GS_GS_align_refine/JxB_tor_A.png Graphic file (type png)
<use figs/GS_GS_align_refine/JxB_tor_A.png>
Package pdftex.def Info: figs/GS_GS_align_refine/JxB_tor_A.png  used on input line 238.
(pdftex.def)             Requested size: 141.91779pt x 198.69041pt.
<figs/GS_GS_align_refine/JxB_tor_colorbar.png, id=103, 381.425pt x 1405.25pt>
File: figs/GS_GS_align_refine/JxB_tor_colorbar.png Graphic file (type png)
<use figs/GS_GS_align_refine/JxB_tor_colorbar.png>
Package pdftex.def Info: figs/GS_GS_align_refine/JxB_tor_colorbar.png  used on input line 239.
(pdftex.def)             Requested size: 53.92876pt x 198.69041pt.
 [2] [3 <./figs/GS_GS_align/JxB_pol_A.png (PNG copy)> <./figs/GS_GS_align/JxB_pol_B.png (PNG copy)> <./figs/GS_GS_align/JxB_pol_C.png (PNG copy)> <./figs/GS_GS_align/JxB_pol_colorbar.png (PNG copy)> <./figs/GS_GS_align/JxB_tor_A.png (PNG copy)> <./figs/GS_GS_align/JxB_tor_B.png (PNG copy)> <./figs/GS_GS_align/JxB_tor_C.png (PNG copy)> <./figs/GS_GS_align/JxB_tor_colorbar.png (PNG copy)> <./figs/GS_GS_align/div_B_pol_Hdiv.png (PNG copy)> <./figs/GS_GS_align/div_B_pol_Hcurl.png (PNG copy)> <./figs/GS_GS_align/div_B_pol_vec_CG.png (PNG copy)> <./figs/GS_GS_align/div_B_pol_colorbar.png (PNG copy)>] [4 <./figs/GS_GS_unalign/JxB_pol_A.png (PNG copy)> <./figs/GS_GS_align_refine/JxB_pol_A.png (PNG copy)> <./figs/GS_GS_unalign/JxB_pol_colorbar.png (PNG copy)> <./figs/GS_GS_unalign/JxB_tor_A.png (PNG copy)> <./figs/GS_GS_align_refine/JxB_tor_A.png (PNG copy)> <./figs/GS_GS_align_refine/JxB_tor_colorbar.png (PNG copy)>]
Overfull \hbox (17.23312pt too wide) in paragraph at lines 246--246
[]\OT1/cmr/bx/n/14.4 Computational Ar-ti-fact II: Im-ple-men-ta-tion of a Finite-Element-Based Particle-
 []

LaTeX Font Info:    Trying to load font information for OT1+zi4 on input line 264.
(/usr/local/texlive/2021/texmf-dist/tex/latex/inconsolata/ot1zi4.fd
File: ot1zi4.fd 2018/01/14 OT1/zi4 (Inconsolata)
)
LaTeX Font Info:    Font shape `OT1/zi4/m/n' will be
(Font)              scaled to size 10.0pt on input line 264.
 [5]
<figs/LD-small.png, id=148, 1927.2pt x 1445.4pt>
File: figs/LD-small.png Graphic file (type png)
<use figs/LD-small.png>
Package pdftex.def Info: figs/LD-small.png  used on input line 279.
(pdftex.def)             Requested size: 278.69475pt x 209.01523pt.
<figs/LD-big.png, id=151, 1927.2pt x 1445.4pt>
File: figs/LD-big.png Graphic file (type png)
<use figs/LD-big.png>
Package pdftex.def Info: figs/LD-big.png  used on input line 288.
(pdftex.def)             Requested size: 278.69475pt x 209.01523pt.
 (./oral_exam_template.bbl [6 <./figs/LD-small.png> <./figs/LD-big.png>]) [7] (./oral_exam_template.aux)
Package rerunfilecheck Info: File `oral_exam_template.out' has not changed.
(rerunfilecheck)             Checksum: 33F0A4E640668F318F54E792EB1B402F;2294.
 ) 
Here is how much of TeX's memory you used:
 13185 strings out of 478994
 197815 string characters out of 5858183
 517953 words of memory out of 5000000
 30407 multiletter control sequences out of 15000+600000
 414363 words of font info for 70 fonts, out of 8000000 for 9000
 1141 hyphenation exceptions out of 8191
 83i,16n,131p,1139b,444s stack positions out of 5000i,500n,10000p,200000b,80000s
{/usr/local/texlive/2021/texmf-dist/fonts/enc/dvips/inconsolata/i4-ot1-0.enc}{/usr/local/texlive/2021/texmf-dist/fonts/enc/dvips/cm-super/cm-super-ts1.enc}</usr/local/texlive/2021/texmf-dist/fonts/type1/public/inconsolata/Inconsolata-zi4r.pfb></usr/local/texlive/2021/texmf-dist/fonts/type1/public/amsfonts/cm/cmbx10.pfb></usr/local/texlive/2021/texmf-dist/fonts/type1/public/amsfonts/cm/cmbx12.pfb></usr/local/texlive/2021/texmf-dist/fonts/type1/public/amsfonts/cm/cmex10.pfb></usr/local/texlive/2021/texmf-dist/fonts/type1/public/amsfonts/cm/cmmi10.pfb></usr/local/texlive/2021/texmf-dist/fonts/type1/public/amsfonts/cm/cmmi5.pfb></usr/local/texlive/2021/texmf-dist/fonts/type1/public/amsfonts/cm/cmmi7.pfb></usr/local/texlive/2021/texmf-dist/fonts/type1/public/amsfonts/cm/cmr10.pfb></usr/local/texlive/2021/texmf-dist/fonts/type1/public/amsfonts/cm/cmr12.pfb></usr/local/texlive/2021/texmf-dist/fonts/type1/public/amsfonts/cm/cmr17.pfb></usr/local/texlive/2021/texmf-dist/fonts/type1/public/amsfonts/cm/cmr5.pfb></usr/local/texlive/2021/texmf-dist/fonts/type1/public/amsfonts/cm/cmr7.pfb></usr/local/texlive/2021/texmf-dist/fonts/type1/public/amsfonts/cm/cmr8.pfb></usr/local/texlive/2021/texmf-dist/fonts/type1/public/amsfonts/cm/cmsy10.pfb></usr/local/texlive/2021/texmf-dist/fonts/type1/public/amsfonts/cm/cmsy7.pfb></usr/local/texlive/2021/texmf-dist/fonts/type1/public/amsfonts/cm/cmti10.pfb></usr/local/texlive/2021/texmf-dist/fonts/type1/public/cm-super/sfrm0600.pfb></usr/local/texlive/2021/texmf-dist/fonts/type1/public/cm-super/sfrm0800.pfb>
Output written on oral_exam_template.pdf (7 pages, 8985526 bytes).
PDF statistics:
 242 PDF objects out of 1000 (max. 8388607)
 191 compressed objects within 2 object streams
 53 named destinations out of 1000 (max. 500000)
 189 words of extra memory for PDF output out of 10000 (max. 10000000)

